Quick-Cocos2d-x C++ support ready.

------------------------------------------------

LOAD LUA FILE: C:/Users/hushencheng/Desktop/cocos/sproto/src/main.lua

------------------------------------------------

[LUA-print] ===========================================================

[LUA-print]               LOAD QUICK FRAMEWORK

[LUA-print] ===========================================================

[LUA-print] [INFO] 

[LUA-print] [INFO] # DEBUG                        = 1

[LUA-print] [INFO] #

[LUA-print] [INFO] # device.platform              = windows

[LUA-print] [INFO] # device.model                 = unknown

[LUA-print] [INFO] # device.language              = cn

[LUA-print] [INFO] # device.writablePath          = C:\Users\hushencheng\Desktop\cocos\sproto\

[LUA-print] [INFO] # device.directorySeparator    = \

[LUA-print] [INFO] # device.pathSeparator         = ;

[LUA-print] [INFO] #

[LUA-print] [INFO] # CONFIG_SCREEN_AUTOSCALE      = FIXED_WIDTH

[LUA-print] [INFO] # CONFIG_SCREEN_WIDTH          = 640.00

[LUA-print] [INFO] # CONFIG_SCREEN_HEIGHT         = 960.00

[LUA-print] [INFO] # display.widthInPixels        = 640.00

[LUA-print] [INFO] # display.heightInPixels       = 960.00

[LUA-print] [INFO] # display.contentScaleFactor   = 1.00

[LUA-print] [INFO] # display.width                = 640.00

[LUA-print] [INFO] # display.height               = 960.00

[LUA-print] [INFO] # display.cx                   = 320.00

[LUA-print] [INFO] # display.cy                   = 480.00

[LUA-print] [INFO] # display.left                 = 0.00

[LUA-print] [INFO] # display.right                = 640.00

[LUA-print] [INFO] # display.top                  = 960.00

[LUA-print] [INFO] # display.bottom               = 0.00

[LUA-print] [INFO] # display.c_left               = -320.00

[LUA-print] [INFO] # display.c_right              = 320.00

[LUA-print] [INFO] # display.c_top                = 480.00

[LUA-print] [INFO] # display.c_bottom             = -480.00

[LUA-print] [INFO] #

[LUA-print] +a [hello]
+h+1+b [100]
| +2
| +3+c [false]
| | +b [-100]
| +4+e+1 [test]
|   +b [0]
+c [true]
+b [1000000]
+e+1 [ABC]
| +2 [def]
+d+a [world]
| +c [-1]
+g+1 [true]
| +2 [false]
| +3 [true]
+f+1 [-3]
  +2 [-2]
  +3 [-1]
  +4 [0]
  +5 [1]
  +6 [2]

